2025-12-04 01:24:22,492 - INFO - 找到 1 个视频文件
2025-12-04 01:24:22,494 - INFO - 处理视频: 049
2025-12-04 01:24:22,785 - INFO -   [049] ✓ 抽帧完成
2025-12-04 01:24:22,785 - INFO - ✓ [049] 处理完成
2025-12-04 01:24:22,786 - INFO - 更新元数据...
2025-12-04 01:24:22,786 - INFO - ============================================================
2025-12-04 01:24:22,786 - INFO - 处理完成!
2025-12-04 01:24:22,786 - INFO -   成功: 1
2025-12-04 01:24:22,786 - INFO -   失败: 0
2025-12-04 01:24:22,786 - INFO - ============================================================
2025-12-04 11:38:19,790 - INFO - 找到 53 个视频文件
2025-12-04 11:38:19,795 - INFO - 处理视频: 001
2025-12-04 11:38:20,230 - INFO -   [001] ✓ 抽帧完成
2025-12-04 11:38:20,941 - INFO -   [001] ✓ 运动特征完成
2025-12-04 11:38:26,864 - INFO -   [001] ✓ 语义特征完成
2025-12-04 11:38:32,339 - INFO -   [001] ✓ 情感特征完成
2025-12-04 11:38:32,400 - INFO - Detecting scenes...
2025-12-04 11:38:33,254 - INFO -   [001] ✓ 分镜完成
2025-12-04 11:38:33,421 - INFO -   [001] ✓ 音频提取完成
2025-12-04 11:38:33,436 - INFO -   [001] ✓ 响度特征完成
2025-12-04 11:38:42,515 - INFO -   [001] ✓ 和弦识别完成
2025-12-04 11:38:42,678 - INFO -   [001] ✓ MIDI 生成完成
2025-12-04 11:38:42,835 - INFO -   [001] ✓ Note Density 完成
2025-12-04 11:38:42,835 - INFO - ✓ [001] 处理完成
2025-12-04 11:38:42,835 - INFO - 处理视频: 002
2025-12-04 11:38:44,765 - INFO -   [002] ✓ 抽帧完成
2025-12-04 11:38:50,228 - INFO -   [002] ✓ 运动特征完成
2025-12-04 11:38:56,464 - INFO -   [002] ✓ 语义特征完成
2025-12-04 11:39:02,728 - INFO -   [002] ✓ 情感特征完成
2025-12-04 11:39:02,756 - INFO - Detecting scenes...
2025-12-04 11:39:06,181 - INFO -   [002] ✓ 分镜完成
2025-12-04 11:39:06,284 - INFO -   [002] ✓ 音频提取完成
2025-12-04 11:39:06,292 - INFO -   [002] ✓ 响度特征完成
2025-12-04 11:39:15,016 - INFO -   [002] ✓ 和弦识别完成
2025-12-04 11:39:15,172 - INFO -   [002] ✓ MIDI 生成完成
2025-12-04 11:39:15,328 - INFO -   [002] ✓ Note Density 完成
2025-12-04 11:39:15,328 - INFO - ✓ [002] 处理完成
2025-12-04 11:39:15,329 - INFO - 处理视频: 003
2025-12-04 11:39:16,839 - INFO -   [003] ✓ 抽帧完成
2025-12-04 11:39:21,399 - INFO -   [003] ✓ 运动特征完成
2025-12-04 11:39:26,928 - INFO -   [003] ✓ 语义特征完成
2025-12-04 11:39:32,874 - INFO -   [003] ✓ 情感特征完成
2025-12-04 11:39:32,890 - INFO - Detecting scenes...
2025-12-04 11:39:35,765 - INFO -   [003] ✓ 分镜完成
2025-12-04 11:39:35,900 - INFO -   [003] ✓ 音频提取完成
2025-12-04 11:39:35,906 - INFO -   [003] ✓ 响度特征完成
2025-12-04 11:39:44,347 - INFO -   [003] ✓ 和弦识别完成
2025-12-04 11:39:44,504 - INFO -   [003] ✓ MIDI 生成完成
2025-12-04 11:39:44,652 - INFO -   [003] ✓ Note Density 完成
2025-12-04 11:39:44,652 - INFO - ✓ [003] 处理完成
2025-12-04 11:39:44,653 - INFO - 处理视频: 004
2025-12-04 11:39:45,906 - INFO -   [004] ✓ 抽帧完成
2025-12-04 11:39:48,966 - INFO -   [004] ✓ 运动特征完成
2025-12-04 11:39:54,410 - INFO -   [004] ✓ 语义特征完成
2025-12-04 11:40:00,470 - INFO -   [004] ✓ 情感特征完成
2025-12-04 11:40:00,514 - INFO - Detecting scenes...
2025-12-04 11:40:02,677 - INFO -   [004] ✓ 分镜完成
2025-12-04 11:40:02,870 - INFO -   [004] ✓ 音频提取完成
2025-12-04 11:40:02,879 - INFO -   [004] ✓ 响度特征完成
2025-12-04 11:40:11,995 - INFO -   [004] ✓ 和弦识别完成
2025-12-04 11:40:12,152 - INFO -   [004] ✓ MIDI 生成完成
2025-12-04 11:40:12,306 - INFO -   [004] ✓ Note Density 完成
2025-12-04 11:40:12,306 - INFO - ✓ [004] 处理完成
2025-12-04 11:40:12,306 - INFO - 处理视频: 005
2025-12-04 11:40:13,301 - INFO -   [005] ✓ 抽帧完成
2025-12-04 11:40:16,297 - INFO -   [005] ✓ 运动特征完成
2025-12-04 11:40:21,840 - INFO -   [005] ✓ 语义特征完成
2025-12-04 11:40:28,134 - INFO -   [005] ✓ 情感特征完成
2025-12-04 11:40:28,154 - INFO - Detecting scenes...
2025-12-04 11:40:30,283 - INFO -   [005] ✓ 分镜完成
2025-12-04 11:40:30,467 - INFO -   [005] ✓ 音频提取完成
2025-12-04 11:40:30,476 - INFO -   [005] ✓ 响度特征完成
2025-12-04 11:40:39,485 - INFO -   [005] ✓ 和弦识别完成
2025-12-04 11:40:39,645 - INFO -   [005] ✓ MIDI 生成完成
2025-12-04 11:40:39,797 - INFO -   [005] ✓ Note Density 完成
2025-12-04 11:40:39,797 - INFO - ✓ [005] 处理完成
2025-12-04 11:40:39,797 - INFO - 处理视频: 006
2025-12-04 11:40:41,403 - INFO -   [006] ✓ 抽帧完成
2025-12-04 11:40:48,510 - INFO -   [006] ✓ 运动特征完成
2025-12-04 11:40:55,638 - INFO -   [006] ✓ 语义特征完成
2025-12-04 11:41:03,383 - INFO -   [006] ✓ 情感特征完成
2025-12-04 11:41:03,405 - INFO - Detecting scenes...
2025-12-04 11:41:07,846 - INFO -   [006] ✓ 分镜完成
2025-12-04 11:41:07,978 - INFO -   [006] ✓ 音频提取完成
2025-12-04 11:41:07,988 - INFO -   [006] ✓ 响度特征完成
2025-12-04 11:41:17,101 - INFO -   [006] ✓ 和弦识别完成
2025-12-04 11:41:17,257 - INFO -   [006] ✓ MIDI 生成完成
2025-12-04 11:41:17,414 - INFO -   [006] ✓ Note Density 完成
2025-12-04 11:41:17,414 - INFO - ✓ [006] 处理完成
2025-12-04 11:41:17,414 - INFO - 处理视频: 007
2025-12-04 11:41:18,781 - INFO -   [007] ✓ 抽帧完成
2025-12-04 11:41:25,038 - INFO -   [007] ✓ 运动特征完成
2025-12-04 11:41:31,425 - INFO -   [007] ✓ 语义特征完成
2025-12-04 11:41:38,476 - INFO -   [007] ✓ 情感特征完成
2025-12-04 11:41:38,508 - INFO - Detecting scenes...
2025-12-04 11:41:42,405 - INFO -   [007] ✓ 分镜完成
2025-12-04 11:41:42,525 - INFO -   [007] ✓ 音频提取完成
2025-12-04 11:41:42,534 - INFO -   [007] ✓ 响度特征完成
2025-12-04 11:41:51,460 - INFO -   [007] ✓ 和弦识别完成
2025-12-04 11:41:51,618 - INFO -   [007] ✓ MIDI 生成完成
2025-12-04 11:41:51,770 - INFO -   [007] ✓ Note Density 完成
2025-12-04 11:41:51,770 - INFO - ✓ [007] 处理完成
2025-12-04 11:41:51,770 - INFO - 处理视频: 008
2025-12-04 11:41:52,214 - INFO -   [008] ✓ 抽帧完成
2025-12-04 11:41:52,939 - INFO -   [008] ✓ 运动特征完成
2025-12-04 11:41:57,391 - INFO -   [008] ✓ 语义特征完成
2025-12-04 11:42:02,541 - INFO -   [008] ✓ 情感特征完成
2025-12-04 11:42:02,559 - INFO - Detecting scenes...
2025-12-04 11:42:03,553 - INFO -   [008] ✓ 分镜完成
2025-12-04 11:42:03,716 - INFO -   [008] ✓ 音频提取完成
2025-12-04 11:42:03,725 - INFO -   [008] ✓ 响度特征完成
2025-12-04 11:42:12,708 - INFO -   [008] ✓ 和弦识别完成
2025-12-04 11:42:12,863 - INFO -   [008] ✓ MIDI 生成完成
2025-12-04 11:42:13,016 - INFO -   [008] ✓ Note Density 完成
2025-12-04 11:42:13,016 - INFO - ✓ [008] 处理完成
2025-12-04 11:42:13,016 - INFO - 处理视频: 009
2025-12-04 11:42:13,360 - INFO -   [009] ✓ 抽帧完成
2025-12-04 11:42:13,800 - INFO -   [009] ✓ 运动特征完成
2025-12-04 11:42:18,954 - INFO -   [009] ✓ 语义特征完成
2025-12-04 11:42:23,858 - INFO -   [009] ✓ 情感特征完成
2025-12-04 11:42:23,896 - INFO - Detecting scenes...
2025-12-04 11:42:24,615 - INFO -   [009] ✓ 分镜完成
2025-12-04 11:42:24,768 - INFO -   [009] ✓ 音频提取完成
2025-12-04 11:42:24,782 - INFO -   [009] ✓ 响度特征完成
2025-12-04 11:42:33,688 - INFO -   [009] ✓ 和弦识别完成
2025-12-04 11:42:33,841 - INFO -   [009] ✓ MIDI 生成完成
2025-12-04 11:42:33,996 - INFO -   [009] ✓ Note Density 完成
2025-12-04 11:42:33,997 - INFO - ✓ [009] 处理完成
2025-12-04 11:42:33,997 - INFO - 处理视频: 010
2025-12-04 11:42:37,467 - INFO -   [010] ✓ 抽帧完成
2025-12-04 11:42:46,680 - INFO -   [010] ✓ 运动特征完成
2025-12-04 11:42:55,561 - INFO -   [010] ✓ 语义特征完成
2025-12-04 11:43:05,304 - INFO -   [010] ✓ 情感特征完成
2025-12-04 11:43:05,347 - INFO - Detecting scenes...
2025-12-04 11:43:11,075 - INFO -   [010] ✓ 分镜完成
2025-12-04 11:43:11,242 - INFO -   [010] ✓ 音频提取完成
2025-12-04 11:43:11,254 - INFO -   [010] ✓ 响度特征完成
2025-12-04 11:43:20,973 - INFO -   [010] ✓ 和弦识别完成
2025-12-04 11:43:21,134 - INFO -   [010] ✓ MIDI 生成完成
2025-12-04 11:43:21,294 - INFO -   [010] ✓ Note Density 完成
2025-12-04 11:43:21,294 - INFO - ✓ [010] 处理完成
2025-12-04 11:43:21,294 - INFO - 处理视频: 011
2025-12-04 11:43:23,141 - INFO -   [011] ✓ 抽帧完成
2025-12-04 11:43:29,610 - INFO -   [011] ✓ 运动特征完成
2025-12-04 11:43:36,426 - INFO -   [011] ✓ 语义特征完成
2025-12-04 11:43:43,895 - INFO -   [011] ✓ 情感特征完成
2025-12-04 11:43:43,938 - INFO - Detecting scenes...
2025-12-04 11:43:47,959 - INFO -   [011] ✓ 分镜完成
2025-12-04 11:43:48,084 - INFO -   [011] ✓ 音频提取完成
2025-12-04 11:43:48,093 - INFO -   [011] ✓ 响度特征完成
2025-12-04 11:43:57,087 - INFO -   [011] ✓ 和弦识别完成
2025-12-04 11:43:57,249 - INFO -   [011] ✓ MIDI 生成完成
2025-12-04 11:43:57,405 - INFO -   [011] ✓ Note Density 完成
2025-12-04 11:43:57,405 - INFO - ✓ [011] 处理完成
2025-12-04 11:43:57,405 - INFO - 处理视频: 012
2025-12-04 11:43:59,343 - INFO -   [012] ✓ 抽帧完成
2025-12-04 11:44:07,333 - INFO -   [012] ✓ 运动特征完成
2025-12-04 11:44:15,018 - INFO -   [012] ✓ 语义特征完成
2025-12-04 11:44:23,647 - INFO -   [012] ✓ 情感特征完成
2025-12-04 11:44:23,680 - INFO - Detecting scenes...
2025-12-04 11:44:28,649 - INFO -   [012] ✓ 分镜完成
2025-12-04 11:44:28,796 - INFO -   [012] ✓ 音频提取完成
2025-12-04 11:44:28,808 - INFO -   [012] ✓ 响度特征完成
2025-12-04 11:44:38,196 - INFO -   [012] ✓ 和弦识别完成
2025-12-04 11:44:38,353 - INFO -   [012] ✓ MIDI 生成完成
2025-12-04 11:44:38,512 - INFO -   [012] ✓ Note Density 完成
2025-12-04 11:44:38,512 - INFO - ✓ [012] 处理完成
2025-12-04 11:44:38,512 - INFO - 处理视频: 013
2025-12-04 11:44:40,279 - INFO -   [013] ✓ 抽帧完成
2025-12-04 11:44:47,734 - INFO -   [013] ✓ 运动特征完成
2025-12-04 11:44:55,139 - INFO -   [013] ✓ 语义特征完成
2025-12-04 11:45:03,369 - INFO -   [013] ✓ 情感特征完成
2025-12-04 11:45:03,397 - INFO - Detecting scenes...
2025-12-04 11:45:08,023 - INFO -   [013] ✓ 分镜完成
2025-12-04 11:45:08,163 - INFO -   [013] ✓ 音频提取完成
2025-12-04 11:45:08,173 - INFO -   [013] ✓ 响度特征完成
2025-12-04 11:45:17,436 - INFO -   [013] ✓ 和弦识别完成
2025-12-04 11:45:17,596 - INFO -   [013] ✓ MIDI 生成完成
2025-12-04 11:45:17,756 - INFO -   [013] ✓ Note Density 完成
2025-12-04 11:45:17,756 - INFO - ✓ [013] 处理完成
2025-12-04 11:45:17,756 - INFO - 处理视频: 014
2025-12-04 11:45:19,623 - INFO -   [014] ✓ 抽帧完成
2025-12-04 11:45:27,693 - INFO -   [014] ✓ 运动特征完成
2025-12-04 11:45:35,353 - INFO -   [014] ✓ 语义特征完成
2025-12-04 11:45:44,052 - INFO -   [014] ✓ 情感特征完成
2025-12-04 11:45:44,060 - INFO - Detecting scenes...
2025-12-04 11:45:49,088 - INFO -   [014] ✓ 分镜完成
2025-12-04 11:45:49,235 - INFO -   [014] ✓ 音频提取完成
2025-12-04 11:45:49,246 - INFO -   [014] ✓ 响度特征完成
2025-12-04 11:45:58,767 - INFO -   [014] ✓ 和弦识别完成
2025-12-04 11:45:58,924 - INFO -   [014] ✓ MIDI 生成完成
2025-12-04 11:45:59,084 - INFO -   [014] ✓ Note Density 完成
2025-12-04 11:45:59,084 - INFO - ✓ [014] 处理完成
2025-12-04 11:45:59,084 - INFO - 处理视频: 015
2025-12-04 11:46:00,448 - INFO -   [015] ✓ 抽帧完成
2025-12-04 11:46:06,782 - INFO -   [015] ✓ 运动特征完成
2025-12-04 11:46:13,446 - INFO -   [015] ✓ 语义特征完成
2025-12-04 11:46:20,292 - INFO -   [015] ✓ 情感特征完成
2025-12-04 11:46:20,330 - INFO - Detecting scenes...
2025-12-04 11:46:24,280 - INFO -   [015] ✓ 分镜完成
2025-12-04 11:46:24,403 - INFO -   [015] ✓ 音频提取完成
2025-12-04 11:46:24,414 - INFO -   [015] ✓ 响度特征完成
2025-12-04 11:46:33,340 - INFO -   [015] ✓ 和弦识别完成
2025-12-04 11:46:33,496 - INFO -   [015] ✓ MIDI 生成完成
2025-12-04 11:46:33,647 - INFO -   [015] ✓ Note Density 完成
2025-12-04 11:46:33,647 - INFO - ✓ [015] 处理完成
2025-12-04 11:46:33,647 - INFO - 处理视频: 016
2025-12-04 11:46:35,706 - INFO -   [016] ✓ 抽帧完成
2025-12-04 11:46:43,165 - INFO -   [016] ✓ 运动特征完成
2025-12-04 11:46:50,551 - INFO -   [016] ✓ 语义特征完成
2025-12-04 11:46:58,690 - INFO -   [016] ✓ 情感特征完成
2025-12-04 11:46:58,725 - INFO - Detecting scenes...
2025-12-04 11:47:03,383 - INFO -   [016] ✓ 分镜完成
2025-12-04 11:47:03,524 - INFO -   [016] ✓ 音频提取完成
2025-12-04 11:47:03,534 - INFO -   [016] ✓ 响度特征完成
2025-12-04 11:47:12,785 - INFO -   [016] ✓ 和弦识别完成
2025-12-04 11:47:12,942 - INFO -   [016] ✓ MIDI 生成完成
2025-12-04 11:47:13,100 - INFO -   [016] ✓ Note Density 完成
2025-12-04 11:47:13,100 - INFO - ✓ [016] 处理完成
2025-12-04 11:47:13,100 - INFO - 处理视频: 017
2025-12-04 11:47:14,438 - INFO -   [017] ✓ 抽帧完成
2025-12-04 11:47:19,710 - INFO -   [017] ✓ 运动特征完成
2025-12-04 11:47:25,888 - INFO -   [017] ✓ 语义特征完成
2025-12-04 11:47:32,100 - INFO -   [017] ✓ 情感特征完成
2025-12-04 11:47:32,137 - INFO - Detecting scenes...
2025-12-04 11:47:35,432 - INFO -   [017] ✓ 分镜完成
2025-12-04 11:47:35,539 - INFO -   [017] ✓ 音频提取完成
2025-12-04 11:47:35,547 - INFO -   [017] ✓ 响度特征完成
2025-12-04 11:47:44,171 - INFO -   [017] ✓ 和弦识别完成
2025-12-04 11:47:44,324 - INFO -   [017] ✓ MIDI 生成完成
2025-12-04 11:47:44,481 - INFO -   [017] ✓ Note Density 完成
2025-12-04 11:47:44,481 - INFO - ✓ [017] 处理完成
2025-12-04 11:47:44,481 - INFO - 处理视频: 018
2025-12-04 11:47:46,379 - INFO -   [018] ✓ 抽帧完成
2025-12-04 11:47:55,183 - INFO -   [018] ✓ 运动特征完成
2025-12-04 11:48:02,989 - INFO -   [018] ✓ 语义特征完成
2025-12-04 11:48:11,792 - INFO -   [018] ✓ 情感特征完成
2025-12-04 11:48:11,798 - INFO - Detecting scenes...
2025-12-04 11:48:17,268 - INFO -   [018] ✓ 分镜完成
2025-12-04 11:48:17,431 - INFO -   [018] ✓ 音频提取完成
2025-12-04 11:48:17,443 - INFO -   [018] ✓ 响度特征完成
2025-12-04 11:48:27,055 - INFO -   [018] ✓ 和弦识别完成
2025-12-04 11:48:27,216 - INFO -   [018] ✓ MIDI 生成完成
2025-12-04 11:48:27,374 - INFO -   [018] ✓ Note Density 完成
2025-12-04 11:48:27,375 - INFO - ✓ [018] 处理完成
2025-12-04 11:48:27,375 - INFO - 处理视频: 019
2025-12-04 11:48:29,739 - INFO -   [019] ✓ 抽帧完成
2025-12-04 11:48:38,409 - INFO -   [019] ✓ 运动特征完成
2025-12-04 11:48:45,604 - INFO -   [019] ✓ 语义特征完成
2025-12-04 11:48:53,080 - INFO -   [019] ✓ 情感特征完成
2025-12-04 11:48:53,083 - INFO - Detecting scenes...
2025-12-04 11:48:58,576 - INFO -   [019] ✓ 分镜完成
2025-12-04 11:48:58,710 - INFO -   [019] ✓ 音频提取完成
2025-12-04 11:48:58,720 - INFO -   [019] ✓ 响度特征完成
2025-12-04 11:49:07,831 - INFO -   [019] ✓ 和弦识别完成
2025-12-04 11:49:07,991 - INFO -   [019] ✓ MIDI 生成完成
2025-12-04 11:49:08,145 - INFO -   [019] ✓ Note Density 完成
2025-12-04 11:49:08,145 - INFO - ✓ [019] 处理完成
2025-12-04 11:49:08,146 - INFO - 处理视频: 020
2025-12-04 11:49:10,369 - INFO -   [020] ✓ 抽帧完成
2025-12-04 11:49:20,826 - INFO -   [020] ✓ 运动特征完成
2025-12-04 11:49:28,711 - INFO -   [020] ✓ 语义特征完成
2025-12-04 11:49:37,444 - INFO -   [020] ✓ 情感特征完成
2025-12-04 11:49:37,452 - INFO - Detecting scenes...
2025-12-04 11:49:44,040 - INFO -   [020] ✓ 分镜完成
2025-12-04 11:49:44,198 - INFO -   [020] ✓ 音频提取完成
2025-12-04 11:49:44,210 - INFO -   [020] ✓ 响度特征完成
2025-12-04 11:49:53,794 - INFO -   [020] ✓ 和弦识别完成
2025-12-04 11:49:53,953 - INFO -   [020] ✓ MIDI 生成完成
2025-12-04 11:49:54,110 - INFO -   [020] ✓ Note Density 完成
2025-12-04 11:49:54,110 - INFO - ✓ [020] 处理完成
2025-12-04 11:49:54,110 - INFO - 处理视频: 021
2025-12-04 11:49:58,581 - INFO -   [021] ✓ 抽帧完成
2025-12-04 11:50:15,595 - INFO -   [021] ✓ 运动特征完成
2025-12-04 11:50:26,510 - INFO -   [021] ✓ 语义特征完成
2025-12-04 11:50:39,130 - INFO -   [021] ✓ 情感特征完成
2025-12-04 11:50:39,147 - INFO - Detecting scenes...
2025-12-04 11:50:49,880 - INFO -   [021] ✓ 分镜完成
2025-12-04 11:50:50,170 - INFO -   [021] ✓ 音频提取完成
2025-12-04 11:50:50,189 - INFO -   [021] ✓ 响度特征完成
2025-12-04 11:51:01,119 - INFO -   [021] ✓ 和弦识别完成
2025-12-04 11:51:01,285 - INFO -   [021] ✓ MIDI 生成完成
2025-12-04 11:51:01,458 - INFO -   [021] ✓ Note Density 完成
2025-12-04 11:51:01,458 - INFO - ✓ [021] 处理完成
2025-12-04 11:51:01,458 - INFO - 处理视频: 022
2025-12-04 11:51:03,513 - INFO -   [022] ✓ 抽帧完成
2025-12-04 11:51:12,546 - INFO -   [022] ✓ 运动特征完成
2025-12-04 11:51:19,600 - INFO -   [022] ✓ 语义特征完成
2025-12-04 11:51:27,512 - INFO -   [022] ✓ 情感特征完成
2025-12-04 11:51:27,523 - INFO - Detecting scenes...
2025-12-04 11:51:33,245 - INFO -   [022] ✓ 分镜完成
2025-12-04 11:51:33,386 - INFO -   [022] ✓ 音频提取完成
2025-12-04 11:51:33,396 - INFO -   [022] ✓ 响度特征完成
2025-12-04 11:51:42,607 - INFO -   [022] ✓ 和弦识别完成
2025-12-04 11:51:42,760 - INFO -   [022] ✓ MIDI 生成完成
2025-12-04 11:51:42,922 - INFO -   [022] ✓ Note Density 完成
2025-12-04 11:51:42,922 - INFO - ✓ [022] 处理完成
2025-12-04 11:51:42,922 - INFO - 处理视频: 023
2025-12-04 11:51:44,643 - INFO -   [023] ✓ 抽帧完成
2025-12-04 11:51:53,058 - INFO -   [023] ✓ 运动特征完成
2025-12-04 11:51:59,392 - INFO -   [023] ✓ 语义特征完成
2025-12-04 11:52:06,868 - INFO -   [023] ✓ 情感特征完成
2025-12-04 11:52:06,912 - INFO - Detecting scenes...
2025-12-04 11:52:12,248 - INFO -   [023] ✓ 分镜完成
2025-12-04 11:52:12,378 - INFO -   [023] ✓ 音频提取完成
2025-12-04 11:52:12,388 - INFO -   [023] ✓ 响度特征完成
2025-12-04 11:52:21,454 - INFO -   [023] ✓ 和弦识别完成
2025-12-04 11:52:21,614 - INFO -   [023] ✓ MIDI 生成完成
2025-12-04 11:52:21,777 - INFO -   [023] ✓ Note Density 完成
2025-12-04 11:52:21,777 - INFO - ✓ [023] 处理完成
2025-12-04 11:52:21,777 - INFO - 处理视频: 024
2025-12-04 11:52:23,871 - INFO -   [024] ✓ 抽帧完成
2025-12-04 11:52:33,280 - INFO -   [024] ✓ 运动特征完成
2025-12-04 11:52:40,533 - INFO -   [024] ✓ 语义特征完成
2025-12-04 11:52:48,534 - INFO -   [024] ✓ 情感特征完成
2025-12-04 11:52:48,578 - INFO - Detecting scenes...
2025-12-04 11:52:54,510 - INFO -   [024] ✓ 分镜完成
2025-12-04 11:52:54,653 - INFO -   [024] ✓ 音频提取完成
2025-12-04 11:52:54,664 - INFO -   [024] ✓ 响度特征完成
2025-12-04 11:53:03,979 - INFO -   [024] ✓ 和弦识别完成
2025-12-04 11:53:04,136 - INFO -   [024] ✓ MIDI 生成完成
2025-12-04 11:53:04,292 - INFO -   [024] ✓ Note Density 完成
2025-12-04 11:53:04,292 - INFO - ✓ [024] 处理完成
2025-12-04 11:53:04,292 - INFO - 处理视频: 025
2025-12-04 11:53:05,793 - INFO -   [025] ✓ 抽帧完成
2025-12-04 11:53:12,929 - INFO -   [025] ✓ 运动特征完成
2025-12-04 11:53:19,043 - INFO -   [025] ✓ 语义特征完成
2025-12-04 11:53:25,796 - INFO -   [025] ✓ 情感特征完成
2025-12-04 11:53:25,825 - INFO - Detecting scenes...
2025-12-04 11:53:30,341 - INFO -   [025] ✓ 分镜完成
2025-12-04 11:53:30,453 - INFO -   [025] ✓ 音频提取完成
2025-12-04 11:53:30,461 - INFO -   [025] ✓ 响度特征完成
2025-12-04 11:53:39,232 - INFO -   [025] ✓ 和弦识别完成
2025-12-04 11:53:39,387 - INFO -   [025] ✓ MIDI 生成完成
2025-12-04 11:53:39,544 - INFO -   [025] ✓ Note Density 完成
2025-12-04 11:53:39,544 - INFO - ✓ [025] 处理完成
2025-12-04 11:53:39,544 - INFO - 处理视频: 026
2025-12-04 11:53:41,376 - INFO -   [026] ✓ 抽帧完成
2025-12-04 11:53:50,098 - INFO -   [026] ✓ 运动特征完成
2025-12-04 11:53:57,320 - INFO -   [026] ✓ 语义特征完成
2025-12-04 11:54:05,311 - INFO -   [026] ✓ 情感特征完成
2025-12-04 11:54:05,347 - INFO - Detecting scenes...
2025-12-04 11:54:10,837 - INFO -   [026] ✓ 分镜完成
2025-12-04 11:54:10,967 - INFO -   [026] ✓ 音频提取完成
2025-12-04 11:54:10,982 - INFO -   [026] ✓ 响度特征完成
2025-12-04 11:54:20,109 - INFO -   [026] ✓ 和弦识别完成
2025-12-04 11:54:20,265 - INFO -   [026] ✓ MIDI 生成完成
2025-12-04 11:54:20,423 - INFO -   [026] ✓ Note Density 完成
2025-12-04 11:54:20,423 - INFO - ✓ [026] 处理完成
2025-12-04 11:54:20,423 - INFO - 处理视频: 027
2025-12-04 11:54:22,634 - INFO -   [027] ✓ 抽帧完成
2025-12-04 11:54:30,855 - INFO -   [027] ✓ 运动特征完成
2025-12-04 11:54:37,817 - INFO -   [027] ✓ 语义特征完成
2025-12-04 11:54:45,023 - INFO -   [027] ✓ 情感特征完成
2025-12-04 11:54:45,038 - INFO - Detecting scenes...
2025-12-04 11:54:50,247 - INFO -   [027] ✓ 分镜完成
2025-12-04 11:54:50,378 - INFO -   [027] ✓ 音频提取完成
2025-12-04 11:54:50,387 - INFO -   [027] ✓ 响度特征完成
2025-12-04 11:54:59,386 - INFO -   [027] ✓ 和弦识别完成
2025-12-04 11:54:59,543 - INFO -   [027] ✓ MIDI 生成完成
2025-12-04 11:54:59,705 - INFO -   [027] ✓ Note Density 完成
2025-12-04 11:54:59,705 - INFO - ✓ [027] 处理完成
2025-12-04 11:54:59,705 - INFO - 处理视频: 028
2025-12-04 11:55:01,553 - INFO -   [028] ✓ 抽帧完成
2025-12-04 11:55:07,472 - INFO -   [028] ✓ 运动特征完成
2025-12-04 11:55:13,448 - INFO -   [028] ✓ 语义特征完成
2025-12-04 11:55:20,297 - INFO -   [028] ✓ 情感特征完成
2025-12-04 11:55:20,318 - INFO - Detecting scenes...
2025-12-04 11:55:24,018 - INFO -   [028] ✓ 分镜完成
2025-12-04 11:55:24,136 - INFO -   [028] ✓ 音频提取完成
2025-12-04 11:55:24,145 - INFO -   [028] ✓ 响度特征完成
2025-12-04 11:55:32,935 - INFO -   [028] ✓ 和弦识别完成
2025-12-04 11:55:33,099 - INFO -   [028] ✓ MIDI 生成完成
2025-12-04 11:55:33,251 - INFO -   [028] ✓ Note Density 完成
2025-12-04 11:55:33,251 - INFO - ✓ [028] 处理完成
2025-12-04 11:55:33,251 - INFO - 处理视频: 029
2025-12-04 11:55:35,699 - INFO -   [029] ✓ 抽帧完成
2025-12-04 11:55:44,546 - INFO -   [029] ✓ 运动特征完成
2025-12-04 11:55:51,471 - INFO -   [029] ✓ 语义特征完成
2025-12-04 11:55:59,407 - INFO -   [029] ✓ 情感特征完成
2025-12-04 11:55:59,417 - INFO - Detecting scenes...
2025-12-04 11:56:04,994 - INFO -   [029] ✓ 分镜完成
2025-12-04 11:56:05,130 - INFO -   [029] ✓ 音频提取完成
2025-12-04 11:56:05,140 - INFO -   [029] ✓ 响度特征完成
2025-12-04 11:56:14,305 - INFO -   [029] ✓ 和弦识别完成
2025-12-04 11:56:14,464 - INFO -   [029] ✓ MIDI 生成完成
2025-12-04 11:56:14,620 - INFO -   [029] ✓ Note Density 完成
2025-12-04 11:56:14,620 - INFO - ✓ [029] 处理完成
2025-12-04 11:56:14,620 - INFO - 处理视频: 030
2025-12-04 11:56:18,045 - INFO -   [030] ✓ 抽帧完成
2025-12-04 11:56:27,591 - INFO -   [030] ✓ 运动特征完成
2025-12-04 11:56:35,966 - INFO -   [030] ✓ 语义特征完成
2025-12-04 11:56:45,765 - INFO -   [030] ✓ 情感特征完成
2025-12-04 11:56:45,779 - INFO - Detecting scenes...
2025-12-04 11:56:51,824 - INFO -   [030] ✓ 分镜完成
2025-12-04 11:56:51,996 - INFO -   [030] ✓ 音频提取完成
2025-12-04 11:56:52,009 - INFO -   [030] ✓ 响度特征完成
2025-12-04 11:57:01,793 - INFO -   [030] ✓ 和弦识别完成
2025-12-04 11:57:01,952 - INFO -   [030] ✓ MIDI 生成完成
2025-12-04 11:57:02,112 - INFO -   [030] ✓ Note Density 完成
2025-12-04 11:57:02,112 - INFO - ✓ [030] 处理完成
2025-12-04 11:57:02,113 - INFO - 处理视频: 031
2025-12-04 11:57:04,130 - INFO -   [031] ✓ 抽帧完成
2025-12-04 11:57:10,781 - INFO -   [031] ✓ 运动特征完成
2025-12-04 11:57:17,282 - INFO -   [031] ✓ 语义特征完成
2025-12-04 11:57:24,573 - INFO -   [031] ✓ 情感特征完成
2025-12-04 11:57:24,589 - INFO - Detecting scenes...
2025-12-04 11:57:28,732 - INFO -   [031] ✓ 分镜完成
2025-12-04 11:57:28,863 - INFO -   [031] ✓ 音频提取完成
2025-12-04 11:57:28,873 - INFO -   [031] ✓ 响度特征完成
2025-12-04 11:57:37,867 - INFO -   [031] ✓ 和弦识别完成
2025-12-04 11:57:38,024 - INFO -   [031] ✓ MIDI 生成完成
2025-12-04 11:57:38,179 - INFO -   [031] ✓ Note Density 完成
2025-12-04 11:57:38,179 - INFO - ✓ [031] 处理完成
2025-12-04 11:57:38,179 - INFO - 处理视频: 032
2025-12-04 11:57:40,450 - INFO -   [032] ✓ 抽帧完成
2025-12-04 11:57:46,774 - INFO -   [032] ✓ 运动特征完成
2025-12-04 11:57:53,543 - INFO -   [032] ✓ 语义特征完成
2025-12-04 11:58:01,146 - INFO -   [032] ✓ 情感特征完成
2025-12-04 11:58:01,162 - INFO - Detecting scenes...
2025-12-04 11:58:05,147 - INFO -   [032] ✓ 分镜完成
2025-12-04 11:58:05,269 - INFO -   [032] ✓ 音频提取完成
2025-12-04 11:58:05,278 - INFO -   [032] ✓ 响度特征完成
2025-12-04 11:58:14,244 - INFO -   [032] ✓ 和弦识别完成
2025-12-04 11:58:14,401 - INFO -   [032] ✓ MIDI 生成完成
2025-12-04 11:58:14,556 - INFO -   [032] ✓ Note Density 完成
2025-12-04 11:58:14,556 - INFO - ✓ [032] 处理完成
2025-12-04 11:58:14,556 - INFO - 处理视频: 033
2025-12-04 11:58:16,592 - INFO -   [033] ✓ 抽帧完成
2025-12-04 11:58:23,540 - INFO -   [033] ✓ 运动特征完成
2025-12-04 11:58:30,393 - INFO -   [033] ✓ 语义特征完成
2025-12-04 11:58:37,921 - INFO -   [033] ✓ 情感特征完成
2025-12-04 11:58:37,925 - INFO - Detecting scenes...
2025-12-04 11:58:42,264 - INFO -   [033] ✓ 分镜完成
2025-12-04 11:58:42,398 - INFO -   [033] ✓ 音频提取完成
2025-12-04 11:58:42,408 - INFO -   [033] ✓ 响度特征完成
2025-12-04 11:58:51,562 - INFO -   [033] ✓ 和弦识别完成
2025-12-04 11:58:51,717 - INFO -   [033] ✓ MIDI 生成完成
2025-12-04 11:58:51,871 - INFO -   [033] ✓ Note Density 完成
2025-12-04 11:58:51,871 - INFO - ✓ [033] 处理完成
2025-12-04 11:58:51,871 - INFO - 处理视频: 034
2025-12-04 11:58:53,936 - INFO -   [034] ✓ 抽帧完成
2025-12-04 11:59:00,284 - INFO -   [034] ✓ 运动特征完成
2025-12-04 11:59:06,839 - INFO -   [034] ✓ 语义特征完成
2025-12-04 11:59:14,124 - INFO -   [034] ✓ 情感特征完成
2025-12-04 11:59:14,127 - INFO - Detecting scenes...
2025-12-04 11:59:18,115 - INFO -   [034] ✓ 分镜完成
2025-12-04 11:59:18,238 - INFO -   [034] ✓ 音频提取完成
2025-12-04 11:59:18,247 - INFO -   [034] ✓ 响度特征完成
2025-12-04 11:59:27,145 - INFO -   [034] ✓ 和弦识别完成
2025-12-04 11:59:27,302 - INFO -   [034] ✓ MIDI 生成完成
2025-12-04 11:59:27,459 - INFO -   [034] ✓ Note Density 完成
2025-12-04 11:59:27,459 - INFO - ✓ [034] 处理完成
2025-12-04 11:59:27,459 - INFO - 处理视频: 035
2025-12-04 11:59:29,550 - INFO -   [035] ✓ 抽帧完成
2025-12-04 11:59:38,144 - INFO -   [035] ✓ 运动特征完成
2025-12-04 11:59:45,614 - INFO -   [035] ✓ 语义特征完成
2025-12-04 11:59:54,095 - INFO -   [035] ✓ 情感特征完成
2025-12-04 11:59:54,115 - INFO - Detecting scenes...
2025-12-04 11:59:59,495 - INFO -   [035] ✓ 分镜完成
2025-12-04 11:59:59,650 - INFO -   [035] ✓ 音频提取完成
2025-12-04 11:59:59,662 - INFO -   [035] ✓ 响度特征完成
2025-12-04 12:00:09,209 - WARNING -   [035] Omnizart 失败，使用占位和弦
2025-12-04 12:00:09,214 - INFO -   [035] ✓ 已生成占位和弦
2025-12-04 12:00:09,360 - INFO -   [035] ✓ MIDI 生成完成
2025-12-04 12:00:09,502 - INFO -   [035] ✓ Note Density 完成
2025-12-04 12:00:09,502 - INFO - ✓ [035] 处理完成
2025-12-04 12:00:09,503 - INFO - 处理视频: 036
2025-12-04 12:00:11,455 - INFO -   [036] ✓ 抽帧完成
2025-12-04 12:00:20,149 - INFO -   [036] ✓ 运动特征完成
2025-12-04 12:00:27,177 - INFO -   [036] ✓ 语义特征完成
2025-12-04 12:00:35,031 - INFO -   [036] ✓ 情感特征完成
2025-12-04 12:00:35,050 - INFO - Detecting scenes...
2025-12-04 12:00:40,530 - INFO -   [036] ✓ 分镜完成
2025-12-04 12:00:40,663 - INFO -   [036] ✓ 音频提取完成
2025-12-04 12:00:40,673 - INFO -   [036] ✓ 响度特征完成
2025-12-04 12:00:49,796 - INFO -   [036] ✓ 和弦识别完成
2025-12-04 12:00:49,956 - INFO -   [036] ✓ MIDI 生成完成
2025-12-04 12:00:50,111 - INFO -   [036] ✓ Note Density 完成
2025-12-04 12:00:50,111 - INFO - ✓ [036] 处理完成
2025-12-04 12:00:50,111 - INFO - 处理视频: 037
2025-12-04 12:00:52,299 - INFO -   [037] ✓ 抽帧完成
2025-12-04 12:01:00,304 - INFO -   [037] ✓ 运动特征完成
2025-12-04 12:01:06,895 - INFO -   [037] ✓ 语义特征完成
2025-12-04 12:01:14,259 - INFO -   [037] ✓ 情感特征完成
2025-12-04 12:01:14,278 - INFO - Detecting scenes...
2025-12-04 12:01:19,346 - INFO -   [037] ✓ 分镜完成
2025-12-04 12:01:19,469 - INFO -   [037] ✓ 音频提取完成
2025-12-04 12:01:19,479 - INFO -   [037] ✓ 响度特征完成
2025-12-04 12:01:28,438 - INFO -   [037] ✓ 和弦识别完成
2025-12-04 12:01:28,596 - INFO -   [037] ✓ MIDI 生成完成
2025-12-04 12:01:28,753 - INFO -   [037] ✓ Note Density 完成
2025-12-04 12:01:28,753 - INFO - ✓ [037] 处理完成
2025-12-04 12:01:28,754 - INFO - 处理视频: 038
2025-12-04 12:01:30,264 - INFO -   [038] ✓ 抽帧完成
2025-12-04 12:01:37,760 - INFO -   [038] ✓ 运动特征完成
2025-12-04 12:01:44,088 - INFO -   [038] ✓ 语义特征完成
2025-12-04 12:01:51,072 - INFO -   [038] ✓ 情感特征完成
2025-12-04 12:01:51,094 - INFO - Detecting scenes...
2025-12-04 12:01:55,818 - INFO -   [038] ✓ 分镜完成
2025-12-04 12:01:55,936 - INFO -   [038] ✓ 音频提取完成
2025-12-04 12:01:55,944 - INFO -   [038] ✓ 响度特征完成
2025-12-04 12:02:04,802 - INFO -   [038] ✓ 和弦识别完成
2025-12-04 12:02:04,960 - INFO -   [038] ✓ MIDI 生成完成
2025-12-04 12:02:05,115 - INFO -   [038] ✓ Note Density 完成
2025-12-04 12:02:05,115 - INFO - ✓ [038] 处理完成
2025-12-04 12:02:05,115 - INFO - 处理视频: 039
2025-12-04 12:02:07,050 - INFO -   [039] ✓ 抽帧完成
2025-12-04 12:02:13,860 - INFO -   [039] ✓ 运动特征完成
2025-12-04 12:02:20,261 - INFO -   [039] ✓ 语义特征完成
2025-12-04 12:02:27,238 - INFO -   [039] ✓ 情感特征完成
2025-12-04 12:02:27,251 - INFO - Detecting scenes...
2025-12-04 12:02:31,664 - INFO -   [039] ✓ 分镜完成
2025-12-04 12:02:31,775 - INFO -   [039] ✓ 音频提取完成
2025-12-04 12:02:31,782 - INFO -   [039] ✓ 响度特征完成
2025-12-04 12:02:40,477 - INFO -   [039] ✓ 和弦识别完成
2025-12-04 12:02:40,632 - INFO -   [039] ✓ MIDI 生成完成
2025-12-04 12:02:40,783 - INFO -   [039] ✓ Note Density 完成
2025-12-04 12:02:40,783 - INFO - ✓ [039] 处理完成
2025-12-04 12:02:40,784 - INFO - 处理视频: 040
2025-12-04 12:02:42,516 - INFO -   [040] ✓ 抽帧完成
2025-12-04 12:02:51,177 - INFO -   [040] ✓ 运动特征完成
2025-12-04 12:02:57,799 - INFO -   [040] ✓ 语义特征完成
2025-12-04 12:03:05,505 - INFO -   [040] ✓ 情感特征完成
2025-12-04 12:03:05,527 - INFO - Detecting scenes...
2025-12-04 12:03:10,980 - INFO -   [040] ✓ 分镜完成
2025-12-04 12:03:11,113 - INFO -   [040] ✓ 音频提取完成
2025-12-04 12:03:11,123 - INFO -   [040] ✓ 响度特征完成
2025-12-04 12:03:20,220 - INFO -   [040] ✓ 和弦识别完成
2025-12-04 12:03:20,375 - INFO -   [040] ✓ MIDI 生成完成
2025-12-04 12:03:20,536 - INFO -   [040] ✓ Note Density 完成
2025-12-04 12:03:20,537 - INFO - ✓ [040] 处理完成
2025-12-04 12:03:20,537 - INFO - 处理视频: 041
2025-12-04 12:03:23,071 - INFO -   [041] ✓ 抽帧完成
2025-12-04 12:03:32,967 - INFO -   [041] ✓ 运动特征完成
2025-12-04 12:03:40,731 - INFO -   [041] ✓ 语义特征完成
2025-12-04 12:03:49,423 - INFO -   [041] ✓ 情感特征完成
2025-12-04 12:03:49,444 - INFO - Detecting scenes...
2025-12-04 12:03:55,672 - INFO -   [041] ✓ 分镜完成
2025-12-04 12:03:55,818 - INFO -   [041] ✓ 音频提取完成
2025-12-04 12:03:55,829 - INFO -   [041] ✓ 响度特征完成
2025-12-04 12:04:05,221 - INFO -   [041] ✓ 和弦识别完成
2025-12-04 12:04:05,386 - INFO -   [041] ✓ MIDI 生成完成
2025-12-04 12:04:05,548 - INFO -   [041] ✓ Note Density 完成
2025-12-04 12:04:05,548 - INFO - ✓ [041] 处理完成
2025-12-04 12:04:05,548 - INFO - 处理视频: 042
2025-12-04 12:04:08,081 - INFO -   [042] ✓ 抽帧完成
2025-12-04 12:04:16,539 - INFO -   [042] ✓ 运动特征完成
2025-12-04 12:04:23,444 - INFO -   [042] ✓ 语义特征完成
2025-12-04 12:04:31,022 - INFO -   [042] ✓ 情感特征完成
2025-12-04 12:04:31,038 - INFO - Detecting scenes...
2025-12-04 12:04:36,368 - INFO -   [042] ✓ 分镜完成
2025-12-04 12:04:36,499 - INFO -   [042] ✓ 音频提取完成
2025-12-04 12:04:36,509 - INFO -   [042] ✓ 响度特征完成
2025-12-04 12:04:45,571 - INFO -   [042] ✓ 和弦识别完成
2025-12-04 12:04:45,726 - INFO -   [042] ✓ MIDI 生成完成
2025-12-04 12:04:45,884 - INFO -   [042] ✓ Note Density 完成
2025-12-04 12:04:45,884 - INFO - ✓ [042] 处理完成
2025-12-04 12:04:45,885 - INFO - 处理视频: 043
2025-12-04 12:04:48,447 - INFO -   [043] ✓ 抽帧完成
2025-12-04 12:04:59,675 - INFO -   [043] ✓ 运动特征完成
2025-12-04 12:05:07,727 - INFO -   [043] ✓ 语义特征完成
2025-12-04 12:05:16,904 - INFO -   [043] ✓ 情感特征完成
2025-12-04 12:05:16,922 - INFO - Detecting scenes...
2025-12-04 12:05:23,998 - INFO -   [043] ✓ 分镜完成
2025-12-04 12:05:24,163 - INFO -   [043] ✓ 音频提取完成
2025-12-04 12:05:24,176 - INFO -   [043] ✓ 响度特征完成
2025-12-04 12:05:33,871 - INFO -   [043] ✓ 和弦识别完成
2025-12-04 12:05:34,031 - INFO -   [043] ✓ MIDI 生成完成
2025-12-04 12:05:34,193 - INFO -   [043] ✓ Note Density 完成
2025-12-04 12:05:34,194 - INFO - ✓ [043] 处理完成
2025-12-04 12:05:34,194 - INFO - 处理视频: 044
2025-12-04 12:05:36,400 - INFO -   [044] ✓ 抽帧完成
2025-12-04 12:05:46,005 - INFO -   [044] ✓ 运动特征完成
2025-12-04 12:05:53,379 - INFO -   [044] ✓ 语义特征完成
2025-12-04 12:06:01,881 - INFO -   [044] ✓ 情感特征完成
2025-12-04 12:06:01,908 - INFO - Detecting scenes...
2025-12-04 12:06:07,997 - INFO -   [044] ✓ 分镜完成
2025-12-04 12:06:08,143 - INFO -   [044] ✓ 音频提取完成
2025-12-04 12:06:08,154 - INFO -   [044] ✓ 响度特征完成
2025-12-04 12:06:17,516 - INFO -   [044] ✓ 和弦识别完成
2025-12-04 12:06:17,673 - INFO -   [044] ✓ MIDI 生成完成
2025-12-04 12:06:17,834 - INFO -   [044] ✓ Note Density 完成
2025-12-04 12:06:17,834 - INFO - ✓ [044] 处理完成
2025-12-04 12:06:17,834 - INFO - 处理视频: 045
2025-12-04 12:06:20,023 - INFO -   [045] ✓ 抽帧完成
2025-12-04 12:06:28,857 - INFO -   [045] ✓ 运动特征完成
2025-12-04 12:06:35,875 - INFO -   [045] ✓ 语义特征完成
2025-12-04 12:06:43,761 - INFO -   [045] ✓ 情感特征完成
2025-12-04 12:06:43,788 - INFO - Detecting scenes...
2025-12-04 12:06:49,377 - INFO -   [045] ✓ 分镜完成
2025-12-04 12:06:49,512 - INFO -   [045] ✓ 音频提取完成
2025-12-04 12:06:49,522 - INFO -   [045] ✓ 响度特征完成
2025-12-04 12:06:58,663 - INFO -   [045] ✓ 和弦识别完成
2025-12-04 12:06:58,820 - INFO -   [045] ✓ MIDI 生成完成
2025-12-04 12:06:58,976 - INFO -   [045] ✓ Note Density 完成
2025-12-04 12:06:58,976 - INFO - ✓ [045] 处理完成
2025-12-04 12:06:58,977 - INFO - 处理视频: 046
2025-12-04 12:06:59,626 - INFO -   [046] ✓ 抽帧完成
2025-12-04 12:07:02,293 - INFO -   [046] ✓ 运动特征完成
2025-12-04 12:07:07,278 - INFO -   [046] ✓ 语义特征完成
2025-12-04 12:07:12,867 - INFO -   [046] ✓ 情感特征完成
2025-12-04 12:07:12,887 - INFO - Detecting scenes...
2025-12-04 12:07:15,136 - INFO -   [046] ✓ 分镜完成
2025-12-04 12:07:15,264 - INFO -   [046] ✓ 音频提取完成
2025-12-04 12:07:15,274 - INFO -   [046] ✓ 响度特征完成
2025-12-04 12:07:24,329 - INFO -   [046] ✓ 和弦识别完成
2025-12-04 12:07:24,488 - INFO -   [046] ✓ MIDI 生成完成
2025-12-04 12:07:24,646 - INFO -   [046] ✓ Note Density 完成
2025-12-04 12:07:24,646 - INFO - ✓ [046] 处理完成
2025-12-04 12:07:24,646 - INFO - 处理视频: 047
2025-12-04 12:07:26,819 - INFO -   [047] ✓ 抽帧完成
2025-12-04 12:07:36,200 - INFO -   [047] ✓ 运动特征完成
2025-12-04 12:07:43,407 - INFO -   [047] ✓ 语义特征完成
2025-12-04 12:07:51,468 - INFO -   [047] ✓ 情感特征完成
2025-12-04 12:07:51,493 - INFO - Detecting scenes...
2025-12-04 12:07:57,394 - INFO -   [047] ✓ 分镜完成
2025-12-04 12:07:57,539 - INFO -   [047] ✓ 音频提取完成
2025-12-04 12:07:57,550 - INFO -   [047] ✓ 响度特征完成
2025-12-04 12:08:06,833 - INFO -   [047] ✓ 和弦识别完成
2025-12-04 12:08:06,991 - INFO -   [047] ✓ MIDI 生成完成
2025-12-04 12:08:07,151 - INFO -   [047] ✓ Note Density 完成
2025-12-04 12:08:07,151 - INFO - ✓ [047] 处理完成
2025-12-04 12:08:07,151 - INFO - 处理视频: 048
2025-12-04 12:08:08,769 - INFO -   [048] ✓ 抽帧完成
2025-12-04 12:08:17,194 - INFO -   [048] ✓ 运动特征完成
2025-12-04 12:08:23,799 - INFO -   [048] ✓ 语义特征完成
2025-12-04 12:08:31,270 - INFO -   [048] ✓ 情感特征完成
2025-12-04 12:08:31,286 - INFO - Detecting scenes...
2025-12-04 12:08:36,602 - INFO -   [048] ✓ 分镜完成
2025-12-04 12:08:36,729 - INFO -   [048] ✓ 音频提取完成
2025-12-04 12:08:36,739 - INFO -   [048] ✓ 响度特征完成
2025-12-04 12:08:45,794 - INFO -   [048] ✓ 和弦识别完成
2025-12-04 12:08:45,951 - INFO -   [048] ✓ MIDI 生成完成
2025-12-04 12:08:46,106 - INFO -   [048] ✓ Note Density 完成
2025-12-04 12:08:46,106 - INFO - ✓ [048] 处理完成
2025-12-04 12:08:46,106 - INFO - 处理视频: 049
2025-12-04 12:08:46,401 - INFO -   [049] ✓ 抽帧完成
2025-12-04 12:08:46,961 - INFO -   [049] ✓ 运动特征完成
2025-12-04 12:08:51,241 - INFO -   [049] ✓ 语义特征完成
2025-12-04 12:08:56,300 - INFO -   [049] ✓ 情感特征完成
2025-12-04 12:08:56,320 - INFO - Detecting scenes...
2025-12-04 12:08:57,079 - INFO -   [049] ✓ 分镜完成
2025-12-04 12:08:57,204 - INFO -   [049] ✓ 音频提取完成
2025-12-04 12:08:57,214 - INFO -   [049] ✓ 响度特征完成
2025-12-04 12:09:06,247 - INFO -   [049] ✓ 和弦识别完成
2025-12-04 12:09:06,405 - INFO -   [049] ✓ MIDI 生成完成
2025-12-04 12:09:06,562 - INFO -   [049] ✓ Note Density 完成
2025-12-04 12:09:06,562 - INFO - ✓ [049] 处理完成
2025-12-04 12:09:06,563 - INFO - 处理视频: 050
2025-12-04 12:09:08,598 - INFO -   [050] ✓ 抽帧完成
2025-12-04 12:09:17,184 - INFO -   [050] ✓ 运动特征完成
2025-12-04 12:09:24,211 - INFO -   [050] ✓ 语义特征完成
2025-12-04 12:09:32,090 - INFO -   [050] ✓ 情感特征完成
2025-12-04 12:09:32,118 - INFO - Detecting scenes...
2025-12-04 12:09:37,546 - INFO -   [050] ✓ 分镜完成
2025-12-04 12:09:37,679 - INFO -   [050] ✓ 音频提取完成
2025-12-04 12:09:37,689 - INFO -   [050] ✓ 响度特征完成
2025-12-04 12:09:46,835 - INFO -   [050] ✓ 和弦识别完成
2025-12-04 12:09:46,994 - INFO -   [050] ✓ MIDI 生成完成
2025-12-04 12:09:47,152 - INFO -   [050] ✓ Note Density 完成
2025-12-04 12:09:47,153 - INFO - ✓ [050] 处理完成
2025-12-04 12:09:47,153 - INFO - 处理视频: 051
2025-12-04 12:09:48,769 - INFO -   [051] ✓ 抽帧完成
2025-12-04 12:09:56,645 - INFO -   [051] ✓ 运动特征完成
2025-12-04 12:10:03,333 - INFO -   [051] ✓ 语义特征完成
2025-12-04 12:10:10,690 - INFO -   [051] ✓ 情感特征完成
2025-12-04 12:10:10,716 - INFO - Detecting scenes...
2025-12-04 12:10:15,737 - INFO -   [051] ✓ 分镜完成
2025-12-04 12:10:15,862 - INFO -   [051] ✓ 音频提取完成
2025-12-04 12:10:15,871 - INFO -   [051] ✓ 响度特征完成
2025-12-04 12:10:24,829 - INFO -   [051] ✓ 和弦识别完成
2025-12-04 12:10:24,985 - INFO -   [051] ✓ MIDI 生成完成
2025-12-04 12:10:25,141 - INFO -   [051] ✓ Note Density 完成
2025-12-04 12:10:25,141 - INFO - ✓ [051] 处理完成
2025-12-04 12:10:25,141 - INFO - 处理视频: 052
2025-12-04 12:10:27,153 - INFO -   [052] ✓ 抽帧完成
2025-12-04 12:10:37,002 - INFO -   [052] ✓ 运动特征完成
2025-12-04 12:10:44,212 - INFO -   [052] ✓ 语义特征完成
2025-12-04 12:10:52,536 - INFO -   [052] ✓ 情感特征完成
2025-12-04 12:10:52,561 - INFO - Detecting scenes...
2025-12-04 12:10:58,797 - INFO -   [052] ✓ 分镜完成
2025-12-04 12:10:58,944 - INFO -   [052] ✓ 音频提取完成
2025-12-04 12:10:58,956 - INFO -   [052] ✓ 响度特征完成
2025-12-04 12:11:08,351 - INFO -   [052] ✓ 和弦识别完成
2025-12-04 12:11:08,509 - INFO -   [052] ✓ MIDI 生成完成
2025-12-04 12:11:08,665 - INFO -   [052] ✓ Note Density 完成
2025-12-04 12:11:08,665 - INFO - ✓ [052] 处理完成
2025-12-04 12:11:08,665 - INFO - 处理视频: 053
2025-12-04 12:11:10,264 - INFO -   [053] ✓ 抽帧完成
2025-12-04 12:11:17,334 - INFO -   [053] ✓ 运动特征完成
2025-12-04 12:11:24,091 - INFO -   [053] ✓ 语义特征完成
2025-12-04 12:11:31,619 - INFO -   [053] ✓ 情感特征完成
2025-12-04 12:11:31,636 - INFO - Detecting scenes...
2025-12-04 12:11:36,033 - INFO -   [053] ✓ 分镜完成
2025-12-04 12:11:36,166 - INFO -   [053] ✓ 音频提取完成
2025-12-04 12:11:36,176 - INFO -   [053] ✓ 响度特征完成
2025-12-04 12:11:45,296 - INFO -   [053] ✓ 和弦识别完成
2025-12-04 12:11:45,453 - INFO -   [053] ✓ MIDI 生成完成
2025-12-04 12:11:45,613 - INFO -   [053] ✓ Note Density 完成
2025-12-04 12:11:45,613 - INFO - ✓ [053] 处理完成
2025-12-04 12:11:45,613 - INFO - 更新元数据...
2025-12-04 12:11:45,615 - INFO - ✓ 元数据更新完成: 25 个和弦, 53 个视频
2025-12-04 12:11:45,615 - INFO - ============================================================
2025-12-04 12:11:45,615 - INFO - 处理完成!
2025-12-04 12:11:45,615 - INFO -   成功: 53
2025-12-04 12:11:45,615 - INFO -   失败: 0
2025-12-04 12:11:45,615 - INFO - ============================================================
